<?xml version="1.0" encoding="UTF-8"?>
<!-- Generated by org.testng.reporters.JUnitReportReporter -->
<testsuite skipped="0" hostname="DESKTOP-CN6P0NA" name="TestNG.Testng2" tests="1" failures="0" timestamp="31 Aug 2017 07:04:14 GMT" time="0.012" errors="0">
  <testcase name="f2" time="0.012" classname="TestNG.Testng2"/>
</testsuite> <!-- TestNG.Testng2 -->
