<?xml version="1.0" encoding="UTF-8"?>
<!-- Generated by org.testng.reporters.JUnitReportReporter -->
<testsuite skipped="0" hostname="DESKTOP-CN6P0NA" name="TestNG.Testng1" tests="2" failures="0" timestamp="31 Aug 2017 07:04:14 GMT" time="0.003" errors="0">
  <testcase name="f2" time="0.001" classname="TestNG.Testng1"/>
  <testcase name="f" time="0.002" classname="TestNG.Testng1"/>
</testsuite> <!-- TestNG.Testng1 -->
