<?xml version="1.0" encoding="UTF-8"?>
<!-- Generated by org.testng.reporters.JUnitReportReporter -->
<testsuite skipped="0" hostname="DESKTOP-CN6P0NA" name="TestNG.First" tests="2" failures="0" timestamp="30 Aug 2017 05:47:18 GMT" time="80.226" errors="0">
  <testcase name="nexturl" time="29.426" classname="TestNG.First"/>
  <testcase name="passurl" time="50.800" classname="TestNG.First"/>
</testsuite> <!-- TestNG.First -->
